<?xml version="1.0" encoding="UTF-8"?>
<!-- Generated by org.testng.reporters.JUnitXMLReporter -->
<testsuite ignored="0" hostname="MacBook-Pro-4.local" failures="0" tests="1" name="Fundamentals" time="0.021" errors="0" timestamp="2025-09-18T12:46:40 EEST">
  <testcase classname="orangeHRM.FundamentalTests" name="@BeforeMethod setUp" time="0.004">
    <failure type="java.lang.NullPointerException" message="Cannot invoke &amp;quot;org.openqa.selenium.WebDriver.get(String)&amp;quot; because &amp;quot;this.driver&amp;quot; is null">
      <![CDATA[java.lang.NullPointerException: Cannot invoke "org.openqa.selenium.WebDriver.get(String)" because "this.driver" is null
at orangeHRM.FundamentalTests.setUp(FundamentalTests.java:29)
at java.base/java.util.ArrayList.forEach(ArrayList.java:1604)
... Removed 33 stack frames]]>
    </failure>
  </testcase> <!-- @BeforeMethod setUp -->
  <testcase classname="orangeHRM.FundamentalTests" name="loginAddUserAndEmployee" time="0.0">
    <skipped/>
  </testcase> <!-- loginAddUserAndEmployee -->
</testsuite> <!-- Fundamentals -->
