<?xml version="1.0" encoding="UTF-8"?>
<testng-results ignored="0" total="1" passed="1" failed="0" skipped="0">
  <reporter-output>
  </reporter-output>
  <suite started-at="2025-09-10T14:57:17 EEST" name="Default suite" finished-at="2025-09-10T14:57:40 EEST" duration-ms="23030">
    <groups>
    </groups>
    <test started-at="2025-09-10T14:57:17 EEST" name="Default test" finished-at="2025-09-10T14:57:40 EEST" duration-ms="23030">
      <class name="orangeHRM.FundamentalTests">
        <test-method is-config="true" signature="setUp()[pri:0, instance:orangeHRM.FundamentalTests@19648c40]" started-at="2025-09-10T14:57:17 EEST" name="setUp" finished-at="2025-09-10T14:57:23 EEST" duration-ms="5796" status="PASS">
          <reporter-output>
          </reporter-output>
        </test-method> <!-- setUp -->
        <test-method signature="loginAddUserAndEmployee()[pri:0, instance:orangeHRM.FundamentalTests@19648c40]" started-at="2025-09-10T14:57:23 EEST" name="loginAddUserAndEmployee" finished-at="2025-09-10T14:57:40 EEST" duration-ms="17117" status="PASS">
          <reporter-output>
          </reporter-output>
        </test-method> <!-- loginAddUserAndEmployee -->
        <test-method is-config="true" signature="tearDown()[pri:0, instance:orangeHRM.FundamentalTests@19648c40]" started-at="2025-09-10T14:57:40 EEST" name="tearDown" finished-at="2025-09-10T14:57:40 EEST" duration-ms="102" status="PASS">
          <reporter-output>
          </reporter-output>
        </test-method> <!-- tearDown -->
      </class> <!-- orangeHRM.FundamentalTests -->
    </test> <!-- Default test -->
  </suite> <!-- Default suite -->
</testng-results>
